#It			x			f_x
0		0.42827199901244295		0.35281564099640356
1		0.42927199901244295		0.3526791330016659
2		0.43127199901244295		0.3524063875533147
3		0.43527199901244296		0.351861978884151
4		0.44327199901244296		0.3507774909608489
5		0.459271999012443		0.3486258368216854
6		0.491271999012443		0.3443918478860135
7		0.5552719990124431		0.33620140963535955
8		0.6832719990124431		0.32093282396791806
9		0.9392719990124431		0.29486242438654087
10		1.4512719990124432		0.25356115040912464
11		2.475271999012443		0.1778096381665709
12		4.523271999012444		0.06031206075088373
13		8.619271999012444		-0.0389310401687875
14		16.811271999012444		-0.054124331360183395
15		33.19527199901245		-0.0844620437115791
16		65.96327199901245		-0.14513746841437047
17		131.49927199901245		-0.26648831781995325
18		262.5712719990124		-0.5091900166311187
19		524.7152719990124		-0.9945934142534497
20		1049.0032719990124		-1.965400209498112
21		2097.5792719990122		-3.907013799987436
22		4194.731271999012		-7.790240980966084
23		8389.035271999011		-15.55669534292338
24		16777.64327199901		-31.089604066837975
25		33554.85927199901		-62.15542151466717
26		67109.29127199901		-124.28705641032553
27		134218.155271999		-248.55032620164226
28		268435.883271999		-497.07686578427575
29		536871.339271999		-994.1299449495427
30		1073742.251271999		-1988.2361032800768
31		2147484.075271999		-3976.448419941144
32		4294967.7232719995		-7952.873053263281
33		8589935.019272		-15905.722319907554
34		17179869.611272		-31811.4208531961
35		34359738.795272		-63622.81791977319
36		68719477.163272		-127245.61205292735
37		137438953.899272		-254491.20031923568
38		274877907.37127197		-508982.37685185234
39		549755814.315272		-1017964.7299170858
40		1099511628.2032719		-2035929.4360475524
41		2199023255.979272		-4071858.848308486
42		4398046511.531272		-8143717.6728303535
43		8796093022.635273		-16287435.321874091
44		17592186044.843273		-32574870.61996156
45		35184372089.25928		-65149741.21613651
46		70368744178.09128		-130299482.40848638
47		140737488355.75528		-260598964.79318613
48		281474976711.08325		-521197929.5625856
49		562949953421.7393		-1042395859.1013846
50		1125899906843.0513		-2084791718.1789827
51		2251799813685.6753		-4169583436.3341784
52		4503599627370.924		-8339166872.644572
53		9007199254741.42		-16678333745.265358
54		18014398509482.414		-33356667490.506924
55		36028797018964.4		-66713334980.99007
56		72057594037928.38		-133426669961.95636
57		144115188075856.3		-266853339923.8889
58		288230376151712.2		-533706679847.754
59		576460752303424.0		-1067413359695.4844
60		1152921504606847.5		-2134826719390.9448
61		2305843009213694.5		-4269653438781.8657
62		4611686018427388.0		-8539306877563.707
63		9223372036854776.0		-17078613755127.39
64		1.844674407370955e+16		-34157227510254.754
65		3.68934881474191e+16		-68314455020509.484
66		7.37869762948382e+16		-136628910041018.97
67		1.475739525896764e+17		-273257820082037.9
68		2.951479051793528e+17		-546515640164075.75
69		5.902958103587057e+17		-1093031280328151.5
70		1.1805916207174113e+18		-2186062560656303.0
71		2.3611832414348227e+18		-4372125121312606.0
72		4.722366482869645e+18		-8744250242625212.0
73		9.44473296573929e+18		-1.7488500485250424e+16
74		1.888946593147858e+19		-3.497700097050085e+16
75		3.777893186295716e+19		-6.99540019410017e+16
76		7.555786372591432e+19		-1.399080038820034e+17
77		1.5111572745182865e+20		-2.798160077640068e+17
78		3.022314549036573e+20		-5.596320155280136e+17
79		6.044629098073146e+20		-1.1192640310560271e+18
80		1.2089258196146292e+21		-2.2385280621120543e+18
81		2.4178516392292584e+21		-4.4770561242241085e+18
82		4.835703278458517e+21		-8.954112248448217e+18
83		9.671406556917034e+21		-1.7908224496896434e+19
84		1.9342813113834067e+22		-3.581644899379287e+19
85		3.8685626227668134e+22		-7.163289798758574e+19
86		7.737125245533627e+22		-1.4326579597517147e+20
87		1.5474250491067254e+23		-2.8653159195034295e+20
88		3.094850098213451e+23		-5.730631839006859e+20
89		6.189700196426902e+23		-1.1461263678013718e+21
90		1.2379400392853803e+24		-2.2922527356027436e+21
91		2.4758800785707606e+24		-4.584505471205487e+21
92		4.951760157141521e+24		-9.169010942410974e+21
93		9.903520314283042e+24		-1.8338021884821949e+22
94		1.9807040628566085e+25		-3.6676043769643897e+22
95		3.961408125713217e+25		-7.3352087539287794e+22
96		7.922816251426434e+25		-1.4670417507857559e+23
97		1.5845632502852868e+26		-2.9340835015715118e+23
98		3.1691265005705736e+26		-5.8681670031430236e+23
99		6.338253001141147e+26		-1.1736334006286047e+24
100		1.2676506002282294e+27		-2.3472668012572094e+24
101		2.535301200456459e+27		-4.694533602514419e+24
102		5.070602400912918e+27		-9.389067205028838e+24
103		1.0141204801825835e+28		-1.8778134410057675e+25
104		2.028240960365167e+28		-3.755626882011535e+25
105		4.056481920730334e+28		-7.51125376402307e+25
106		8.112963841460668e+28		-1.502250752804614e+26
107		1.6225927682921337e+29		-3.004501505609228e+26
108		3.245185536584267e+29		-6.009003011218456e+26
109		6.490371073168535e+29		-1.2018006022436912e+27
110		1.298074214633707e+30		-2.4036012044873824e+27
111		2.596148429267414e+30		-4.807202408974765e+27
112		5.192296858534828e+30		-9.61440481794953e+27
113		1.0384593717069655e+31		-1.922880963589906e+28
114		2.076918743413931e+31		-3.845761927179812e+28
115		4.153837486827862e+31		-7.691523854359624e+28
116		8.307674973655724e+31		-1.5383047708719248e+29
117		1.661534994731145e+32		-3.0766095417438495e+29
118		3.32306998946229e+32		-6.153219083487699e+29
119		6.64613997892458e+32		-1.2306438166975398e+30
120		1.329227995784916e+33		-2.4612876333950796e+30
121		2.658455991569832e+33		-4.922575266790159e+30
122		5.316911983139664e+33		-9.845150533580319e+30
123		1.0633823966279327e+34		-1.9690301067160637e+31
124		2.1267647932558654e+34		-3.9380602134321274e+31
125		4.253529586511731e+34		-7.876120426864255e+31
126		8.507059173023462e+34		-1.575224085372851e+32
127		1.7014118346046924e+35		-3.150448170745702e+32
128		3.402823669209385e+35		-6.300896341491404e+32
129		6.80564733841877e+35		-1.2601792682982808e+33
130		1.361129467683754e+36		-2.5203585365965615e+33
131		2.722258935367508e+36		-5.040717073193123e+33
132		5.444517870735016e+36		-1.0081434146386246e+34
133		1.088903574147003e+37		-2.0162868292772492e+34
134		2.177807148294006e+37		-4.0325736585544985e+34
135		4.355614296588012e+37		-8.065147317108997e+34
136		8.711228593176025e+37		-1.6130294634217994e+35
137		1.742245718635205e+38		-3.2260589268435988e+35
138		3.48449143727041e+38		-6.4521178536871975e+35
139		6.96898287454082e+38		-1.2904235707374395e+36
140		1.393796574908164e+39		-2.580847141474879e+36
141		2.787593149816328e+39		-5.161694282949758e+36
142		5.575186299632656e+39		-1.0323388565899516e+37
143		1.1150372599265312e+40		-2.0646777131799032e+37
144		2.2300745198530624e+40		-4.1293554263598064e+37
145		4.460149039706125e+40		-8.258710852719613e+37
146		8.92029807941225e+40		-1.6517421705439226e+38
147		1.78405961588245e+41		-3.303484341087845e+38
148		3.5681192317649e+41		-6.60696868217569e+38
149		7.1362384635298e+41		-1.321393736435138e+39
150		1.42724769270596e+42		-2.642787472870276e+39
151		2.85449538541192e+42		-5.285574945740552e+39
152		5.70899077082384e+42		-1.0571149891481104e+40
153		1.141798154164768e+43		-2.114229978296221e+40
154		2.283596308329536e+43		-4.228459956592442e+40
155		4.567192616659072e+43		-8.456919913184884e+40
156		9.134385233318143e+43		-1.6913839826369767e+41
157		1.8268770466636287e+44		-3.3827679652739534e+41
158		3.653754093327257e+44		-6.765535930547907e+41
159		7.307508186654515e+44		-1.3531071861095814e+42
160		1.461501637330903e+45		-2.7062143722191627e+42
161		2.923003274661806e+45		-5.4124287444383255e+42
162		5.846006549323612e+45		-1.0824857488876651e+43
163		1.1692013098647224e+46		-2.1649714977753302e+43
164		2.3384026197294447e+46		-4.3299429955506604e+43
165		4.676805239458889e+46		-8.659885991101321e+43
166		9.353610478917779e+46		-1.7319771982202642e+44
167		1.8707220957835558e+47		-3.4639543964405283e+44
168		3.7414441915671115e+47		-6.927908792881057e+44
169		7.482888383134223e+47		-1.3855817585762113e+45
170		1.4965776766268446e+48		-2.7711635171524226e+45
171		2.993155353253689e+48		-5.542327034304845e+45
172		5.986310706507378e+48		-1.108465406860969e+46
173		1.1972621413014757e+49		-2.216930813721938e+46
174		2.3945242826029514e+49		-4.433861627443876e+46
175		4.789048565205903e+49		-8.867723254887752e+46
176		9.578097130411806e+49		-1.7735446509775505e+47
177		1.915619426082361e+50		-3.547089301955101e+47
178		3.831238852164722e+50		-7.094178603910202e+47
179		7.662477704329444e+50		-1.4188357207820404e+48
180		1.532495540865889e+51		-2.8376714415640808e+48
181		3.064991081731778e+51		-5.6753428831281616e+48
182		6.129982163463556e+51		-1.1350685766256323e+49
183		1.225996432692711e+52		-2.2701371532512646e+49
184		2.451992865385422e+52		-4.540274306502529e+49
185		4.903985730770844e+52		-9.080548613005059e+49
186		9.807971461541689e+52		-1.8161097226010117e+50
187		1.9615942923083378e+53		-3.6322194452020234e+50
188		3.9231885846166756e+53		-7.264438890404047e+50
189		7.846377169233351e+53		-1.4528877780808094e+51
190		1.5692754338466702e+54		-2.9057755561616187e+51
191		3.1385508676933404e+54		-5.8115511123232374e+51
192		6.277101735386681e+54		-1.1623102224646475e+52
193		1.2554203470773362e+55		-2.324620444929295e+52
194		2.5108406941546724e+55		-4.64924088985859e+52
195		5.021681388309345e+55		-9.29848177971718e+52
196		1.004336277661869e+56		-1.859696355943436e+53
197		2.008672555323738e+56		-3.719392711886872e+53
198		4.017345110647476e+56		-7.438785423773744e+53
199		8.034690221294952e+56		-1.4877570847547488e+54
200		1.6069380442589903e+57		-2.9755141695094976e+54
201		3.2138760885179806e+57		-5.951028339018995e+54
202		6.427752177035961e+57		-1.190205667803799e+55
203		1.2855504354071922e+58		-2.380411335607598e+55
204		2.5711008708143845e+58		-4.760822671215196e+55
205		5.142201741628769e+58		-9.521645342430392e+55
206		1.0284403483257538e+59		-1.9043290684860784e+56
207		2.0568806966515076e+59		-3.808658136972157e+56
208		4.113761393303015e+59		-7.617316273944314e+56
209		8.22752278660603e+59		-1.5234632547888628e+57
210		1.645504557321206e+60		-3.0469265095777255e+57
211		3.291009114642412e+60		-6.093853019155451e+57
212		6.582018229284824e+60		-1.2187706038310902e+58
213		1.316403645856965e+61		-2.4375412076621804e+58
214		2.63280729171393e+61		-4.875082415324361e+58
215		5.26561458342786e+61		-9.750164830648722e+58
216		1.053122916685572e+62		-1.9500329661297443e+59
217		2.106245833371144e+62		-3.9000659322594887e+59
218		4.212491666742288e+62		-7.800131864518977e+59
219		8.424983333484575e+62		-1.5600263729037955e+60
220		1.684996666696915e+63		-3.120052745807591e+60
221		3.36999333339383e+63		-6.240105491615182e+60
222		6.73998666678766e+63		-1.2480210983230364e+61
223		1.347997333357532e+64		-2.4960421966460727e+61
224		2.695994666715064e+64		-4.9920843932921455e+61
225		5.391989333430128e+64		-9.984168786584291e+61
226		1.0783978666860256e+65		-1.9968337573168582e+62
227		2.156795733372051e+65		-3.9936675146337164e+62
228		4.313591466744102e+65		-7.987335029267433e+62
229		8.627182933488205e+65		-1.5974670058534866e+63
230		1.725436586697641e+66		-3.194934011706973e+63
231		3.450873173395282e+66		-6.389868023413946e+63
232		6.901746346790564e+66		-1.2779736046827892e+64
233		1.3803492693581128e+67		-2.5559472093655785e+64
234		2.7606985387162256e+67		-5.111894418731157e+64
235		5.521397077432451e+67		-1.0223788837462314e+65
236		1.1042794154864902e+68		-2.0447577674924628e+65
237		2.2085588309729805e+68		-4.0895155349849256e+65
238		4.417117661945961e+68		-8.179031069969851e+65
239		8.834235323891922e+68		-1.6358062139939702e+66
240		1.7668470647783844e+69		-3.2716124279879405e+66
241		3.533694129556769e+69		-6.543224855975881e+66
242		7.067388259113537e+69		-1.3086449711951762e+67
243		1.4134776518227075e+70		-2.6172899423903524e+67
244		2.826955303645415e+70		-5.234579884780705e+67
245		5.65391060729083e+70		-1.046915976956141e+68
246		1.130782121458166e+71		-2.093831953912282e+68
247		2.261564242916332e+71		-4.187663907824564e+68
248		4.523128485832664e+71		-8.375327815649128e+68
249		9.046256971665328e+71		-1.6750655631298255e+69
250		1.8092513943330656e+72		-3.350131126259651e+69
251		3.618502788666131e+72		-6.700262252519302e+69
252		7.237005577332262e+72		-1.3400524505038604e+70
253		1.4474011154664525e+73		-2.6801049010077208e+70
254		2.894802230932905e+73		-5.3602098020154417e+70
255		5.78960446186581e+73		-1.0720419604030883e+71
256		1.157920892373162e+74		-2.1440839208061767e+71
257		2.315841784746324e+74		-4.2881678416123533e+71
258		4.631683569492648e+74		-8.576335683224707e+71
259		9.263367138985296e+74		-1.7152671366449413e+72
260		1.852673427797059e+75		-3.4305342732898827e+72
261		3.705346855594118e+75		-6.861068546579765e+72
262		7.410693711188237e+75		-1.372213709315953e+73
263		1.4821387422376473e+76		-2.744427418631906e+73
264		2.9642774844752947e+76		-5.488854837263812e+73
265		5.928554968950589e+76		-1.0977709674527625e+74
266		1.1857109937901179e+77		-2.195541934905525e+74
267		2.3714219875802357e+77		-4.39108386981105e+74
268		4.742843975160471e+77		-8.7821677396221e+74
269		9.485687950320943e+77		-1.75643354792442e+75
270		1.8971375900641886e+78		-3.51286709584884e+75
271		3.794275180128377e+78		-7.02573419169768e+75
272		7.588550360256754e+78		-1.405146838339536e+76
273		1.517710072051351e+79		-2.810293676679072e+76
274		3.035420144102702e+79		-5.620587353358144e+76
275		6.070840288205403e+79		-1.1241174706716288e+77
276		1.2141680576410807e+80		-2.2482349413432575e+77
277		2.4283361152821614e+80		-4.496469882686515e+77
278		4.856672230564323e+80		-8.99293976537303e+77
279		9.713344461128646e+80		-1.798587953074606e+78
280		1.942668892225729e+81		-3.597175906149212e+78
281		3.885337784451458e+81		-7.194351812298424e+78
282		7.770675568902916e+81		-1.4388703624596848e+79
283		1.5541351137805833e+82		-2.8777407249193696e+79
284		3.1082702275611666e+82		-5.755481449838739e+79
285		6.216540455122333e+82		-1.1510962899677478e+80
286		1.2433080910244666e+83		-2.3021925799354957e+80
287		2.486616182048933e+83		-4.6043851598709914e+80
288		4.973232364097867e+83		-9.208770319741983e+80
289		9.946464728195733e+83		-1.8417540639483965e+81
290		1.9892929456391466e+84		-3.683508127896793e+81
291		3.978585891278293e+84		-7.367016255793586e+81
292		7.957171782556586e+84		-1.4734032511587172e+82
293		1.5914343565113173e+85		-2.9468065023174345e+82
294		3.1828687130226346e+85		-5.893613004634869e+82
295		6.365737426045269e+85		-1.1787226009269738e+83
296		1.2731474852090538e+86		-2.3574452018539476e+83
297		2.5462949704181077e+86		-4.714890403707895e+83
298		5.092589940836215e+86		-9.42978080741579e+83
299		1.018517988167243e+87		-1.885956161483158e+84
300		2.037035976334486e+87		-3.771912322966316e+84
301		4.074071952668972e+87		-7.543824645932632e+84
302		8.148143905337945e+87		-1.5087649291865264e+85
303		1.629628781067589e+88		-3.017529858373053e+85
304		3.259257562135178e+88		-6.035059716746106e+85
305		6.518515124270356e+88		-1.2070119433492212e+86
306		1.303703024854071e+89		-2.4140238866984423e+86
307		2.607406049708142e+89		-4.8280477733968846e+86
308		5.214812099416284e+89		-9.656095546793769e+86
309		1.042962419883257e+90		-1.9312191093587539e+87
310		2.085924839766514e+90		-3.8624382187175077e+87
311		4.171849679533028e+90		-7.724876437435015e+87
312		8.343699359066055e+90		-1.544975287487003e+88
313		1.668739871813211e+91		-3.089950574974006e+88
314		3.337479743626422e+91		-6.179901149948012e+88
315		6.674959487252844e+91		-1.2359802299896025e+89
316		1.3349918974505688e+92		-2.471960459979205e+89
317		2.6699837949011377e+92		-4.94392091995841e+89
318		5.339967589802275e+92		-9.88784183991682e+89
319		1.067993517960455e+93		-1.977568367983364e+90
320		2.13598703592091e+93		-3.955136735966728e+90
321		4.27197407184182e+93		-7.910273471933456e+90
322		8.54394814368364e+93		-1.5820546943866912e+91
323		1.708789628736728e+94		-3.1641093887733823e+91
324		3.417579257473456e+94		-6.3282187775467646e+91
325		6.835158514946912e+94		-1.2656437555093529e+92
326		1.3670317029893825e+95		-2.5312875110187059e+92
327		2.734063405978765e+95		-5.0625750220374117e+92
328		5.46812681195753e+95		-1.0125150044074823e+93
329		1.093625362391506e+96		-2.0250300088149647e+93
330		2.187250724783012e+96		-4.0500600176299294e+93
331		4.374501449566024e+96		-8.100120035259859e+93
332		8.749002899132048e+96		-1.6200240070519717e+94
333		1.7498005798264096e+97		-3.2400480141039435e+94
334		3.499601159652819e+97		-6.480096028207887e+94
335		6.999202319305638e+97		-1.2960192056415774e+95
336		1.3998404638611277e+98		-2.5920384112831548e+95
337		2.7996809277222553e+98		-5.1840768225663096e+95
338		5.599361855444511e+98		-1.0368153645132619e+96
339		1.1198723710889021e+99		-2.0736307290265238e+96
340		2.2397447421778043e+99		-4.1472614580530477e+96
341		4.479489484355609e+99		-8.294522916106095e+96
342		8.958978968711217e+99		-1.658904583221219e+97
343		1.7917957937422434e+100		-3.317809166442438e+97
344		3.583591587484487e+100		-6.635618332884876e+97
345		7.167183174968974e+100		-1.3271236665769753e+98
346		1.4334366349937947e+101		-2.6542473331539505e+98
347		2.8668732699875894e+101		-5.308494666307901e+98
348		5.733746539975179e+101		-1.0616989332615802e+99
349		1.1467493079950358e+102		-2.1233978665231604e+99
350		2.2934986159900716e+102		-4.246795733046321e+99
351		4.586997231980143e+102		-8.493591466092642e+99
352		9.173994463960286e+102		-1.6987182932185283e+100
353		1.8347988927920572e+103		-3.3974365864370567e+100
354		3.6695977855841145e+103		-6.794873172874113e+100
355		7.339195571168229e+103		-1.3589746345748227e+101
356		1.4678391142336458e+104		-2.7179492691496453e+101
357		2.9356782284672916e+104		-5.4358985382992906e+101
358		5.871356456934583e+104		-1.0871797076598581e+102
359		1.1742712913869166e+105		-2.1743594153197163e+102
360		2.3485425827738333e+105		-4.3487188306394325e+102
361		4.697085165547667e+105		-8.697437661278865e+102
362		9.394170331095333e+105		-1.739487532255773e+103
363		1.8788340662190666e+106		-3.478975064511546e+103
364		3.757668132438133e+106		-6.957950129023092e+103
365		7.515336264876266e+106		-1.3915900258046184e+104
366		1.5030672529752533e+107		-2.7831800516092368e+104
367		3.0061345059505066e+107		-5.5663601032184736e+104
368		6.012269011901013e+107		-1.1132720206436947e+105
369		1.2024538023802026e+108		-2.2265440412873894e+105
370		2.4049076047604053e+108		-4.453088082574779e+105
371		4.809815209520811e+108		-8.906176165149558e+105
372		9.619630419041621e+108		-1.7812352330299116e+106
373		1.9239260838083242e+109		-3.562470466059823e+106
374		3.8478521676166484e+109		-7.124940932119646e+106
375		7.695704335233297e+109		-1.4249881864239292e+107
376		1.5391408670466594e+110		-2.8499763728478585e+107
377		3.078281734093319e+110		-5.699952745695717e+107
378		6.156563468186638e+110		-1.1399905491391434e+108
379		1.2313126936373275e+111		-2.2799810982782868e+108
380		2.462625387274655e+111		-4.5599621965565736e+108
381		4.92525077454931e+111		-9.119924393113147e+108
382		9.85050154909862e+111		-1.8239848786226294e+109
383		1.970100309819724e+112		-3.647969757245259e+109
384		3.940200619639448e+112		-7.295939514490518e+109
385		7.880401239278896e+112		-1.4591879028981035e+110
386		1.5760802478557792e+113		-2.918375805796207e+110
387		3.1521604957115584e+113		-5.836751611592414e+110
388		6.304320991423117e+113		-1.1673503223184828e+111
389		1.2608641982846234e+114		-2.3347006446369657e+111
390		2.5217283965692467e+114		-4.6694012892739314e+111
391		5.043456793138493e+114		-9.338802578547863e+111
392		1.0086913586276987e+115		-1.8677605157095725e+112
393		2.0173827172553974e+115		-3.735521031419145e+112
394		4.034765434510795e+115		-7.47104206283829e+112
395		8.06953086902159e+115		-1.494208412567658e+113
396		1.613906173804318e+116		-2.988416825135316e+113
397		3.227812347608636e+116		-5.976833650270632e+113
398		6.455624695217272e+116		-1.1953667300541264e+114
399		1.2911249390434543e+117		-2.3907334601082529e+114
400		2.5822498780869086e+117		-4.7814669202165057e+114
401		5.164499756173817e+117		-9.562933840433011e+114
402		1.0328999512347635e+118		-1.9125867680866023e+115
403		2.065799902469527e+118		-3.8251735361732046e+115
404		4.131599804939054e+118		-7.650347072346409e+115
405		8.263199609878108e+118		-1.5300694144692818e+116
406		1.6526399219756215e+119		-3.0601388289385637e+116
407		3.305279843951243e+119		-6.120277657877127e+116
408		6.610559687902486e+119		-1.2240555315754255e+117
409		1.3221119375804972e+120		-2.448111063150851e+117
410		2.6442238751609945e+120		-4.896222126301702e+117
411		5.288447750321989e+120		-9.792444252603404e+117
412		1.0576895500643978e+121		-1.9584888505206807e+118
413		2.1153791001287956e+121		-3.9169777010413615e+118
414		4.230758200257591e+121		-7.833955402082723e+118
415		8.461516400515182e+121		-1.5667910804165446e+119
416		1.6923032801030364e+122		-3.133582160833089e+119
417		3.384606560206073e+122		-6.267164321666178e+119
418		6.769213120412146e+122		-1.2534328643332357e+120
419		1.3538426240824292e+123		-2.5068657286664713e+120
420		2.7076852481648583e+123		-5.0137314573329427e+120
421		5.415370496329717e+123		-1.0027462914665885e+121
422		1.0830740992659433e+124		-2.005492582933177e+121
423		2.1661481985318867e+124		-4.010985165866354e+121
424		4.332296397063773e+124		-8.021970331732708e+121
425		8.664592794127547e+124		-1.6043940663465417e+122
426		1.7329185588255093e+125		-3.2087881326930833e+122
427		3.465837117651019e+125		-6.417576265386167e+122
428		6.931674235302037e+125		-1.2835152530772333e+123
429		1.3863348470604075e+126		-2.5670305061544667e+123
430		2.772669694120815e+126		-5.1340610123089333e+123
431		5.54533938824163e+126		-1.0268122024617867e+124
432		1.109067877648326e+127		-2.0536244049235733e+124
433		2.218135755296652e+127		-4.1072488098471466e+124
434		4.436271510593304e+127		-8.214497619694293e+124
435		8.872543021186608e+127		-1.6428995239388587e+125
436		1.7745086042373215e+128		-3.2857990478777173e+125
437		3.549017208474643e+128		-6.571598095755435e+125
438		7.098034416949286e+128		-1.314319619151087e+126
439		1.4196068833898572e+129		-2.628639238302174e+126
440		2.8392137667797145e+129		-5.257278476604348e+126
441		5.678427533559429e+129		-1.0514556953208695e+127
442		1.1356855067118858e+130		-2.102911390641739e+127
443		2.2713710134237716e+130		-4.205822781283478e+127
444		4.542742026847543e+130		-8.411645562566956e+127
445		9.085484053695086e+130		-1.6823291125133913e+128
446		1.8170968107390173e+131		-3.3646582250267825e+128
447		3.6341936214780345e+131		-6.729316450053565e+128
448		7.268387242956069e+131		-1.345863290010713e+129
449		1.4536774485912138e+132		-2.691726580021426e+129
450		2.9073548971824276e+132		-5.383453160042852e+129
451		5.814709794364855e+132		-1.0766906320085704e+130
452		1.162941958872971e+133		-2.1533812640171408e+130
453		2.325883917745942e+133		-4.3067625280342816e+130
454		4.651767835491884e+133		-8.613525056068563e+130
455		9.303535670983768e+133		-1.7227050112137127e+131
456		1.8607071341967537e+134		-3.4454100224274253e+131
457		3.721414268393507e+134		-6.890820044854851e+131
458		7.442828536787015e+134		-1.3781640089709701e+132
459		1.488565707357403e+135		-2.7563280179419403e+132
460		2.977131414714806e+135		-5.5126560358838805e+132
461		5.954262829429612e+135		-1.1025312071767761e+133
462		1.1908525658859224e+136		-2.2050624143535522e+133
463		2.3817051317718447e+136		-4.4101248287071044e+133
464		4.763410263543689e+136		-8.820249657414209e+133
465		9.526820527087379e+136		-1.7640499314828418e+134
466		1.9053641054174758e+137		-3.5280998629656835e+134
467		3.8107282108349515e+137		-7.056199725931367e+134
468		7.621456421669903e+137		-1.4112399451862734e+135
469		1.5242912843339806e+138		-2.8224798903725468e+135
470		3.048582568667961e+138		-5.6449597807450936e+135
471		6.097165137335922e+138		-1.1289919561490187e+136
472		1.2194330274671845e+139		-2.2579839122980375e+136
473		2.438866054934369e+139		-4.515967824596075e+136
474		4.877732109868738e+139		-9.03193564919215e+136
475		9.755464219737476e+139		-1.80638712983843e+137
476		1.951092843947495e+140		-3.61277425967686e+137
477		3.90218568789499e+140		-7.22554851935372e+137
478		7.80437137578998e+140		-1.445109703870744e+138
479		1.560874275157996e+141		-2.890219407741488e+138
480		3.121748550315992e+141		-5.780438815482976e+138
481		6.243497100631985e+141		-1.1560877630965952e+139
482		1.248699420126397e+142		-2.3121755261931904e+139
483		2.497398840252794e+142		-4.6243510523863807e+139
484		4.994797680505588e+142		-9.248702104772761e+139
485		9.989595361011175e+142		-1.8497404209545523e+140
486		1.997919072202235e+143		-3.6994808419091046e+140
487		3.99583814440447e+143		-7.398961683818209e+140
488		7.99167628880894e+143		-1.4797923367636418e+141
489		1.598335257761788e+144		-2.9595846735272837e+141
490		3.196670515523576e+144		-5.919169347054567e+141
491		6.393341031047152e+144		-1.1838338694109135e+142
492		1.2786682062094304e+145		-2.367667738821827e+142
493		2.557336412418861e+145		-4.735335477643654e+142
494		5.114672824837722e+145		-9.470670955287308e+142
495		1.0229345649675444e+146		-1.8941341910574615e+143
496		2.0458691299350887e+146		-3.788268382114923e+143
497		4.091738259870177e+146		-7.576536764229846e+143
498		8.183476519740355e+146		-1.5153073528459692e+144
499		1.636695303948071e+147		-3.0306147056919385e+144
500		3.273390607896142e+147		-6.061229411383877e+144
501		6.546781215792284e+147		-1.2122458822767754e+145
502		1.3093562431584568e+148		-2.4244917645535508e+145
503		2.6187124863169136e+148		-4.8489835291071015e+145
504		5.237424972633827e+148		-9.697967058214203e+145
505		1.0474849945267654e+149		-1.9395934116428406e+146
506		2.094969989053531e+149		-3.8791868232856812e+146
507		4.189939978107062e+149		-7.7583736465713625e+146
508		8.379879956214123e+149		-1.5516747293142725e+147
509		1.6759759912428247e+150		-3.103349458628545e+147
510		3.351951982485649e+150		-6.20669891725709e+147
511		6.703903964971299e+150		-1.241339783451418e+148
512		1.3407807929942597e+151		-2.482679566902836e+148
513		2.6815615859885195e+151		-4.965359133805672e+148
514		5.363123171977039e+151		-9.930718267611344e+148
515		1.0726246343954078e+152		-1.9861436535222688e+149
516		2.1452492687908156e+152		-3.9722873070445376e+149
517		4.290498537581631e+152		-7.944574614089075e+149
518		8.580997075163262e+152		-1.588914922817815e+150
519		1.7161994150326525e+153		-3.17782984563563e+150
520		3.432398830065305e+153		-6.35565969127126e+150
521		6.86479766013061e+153		-1.271131938254252e+151
522		1.372959532026122e+154		-2.542263876508504e+151
523		2.745919064052244e+154		-5.084527753017008e+151
524		5.491838128104488e+154		-1.0169055506034016e+152
525		1.0983676256208976e+155		-2.0338111012068032e+152
526		2.196735251241795e+155		-4.0676222024136065e+152
527		4.39347050248359e+155		-8.135244404827213e+152
528		8.78694100496718e+155		-1.6270488809654426e+153
529		1.757388200993436e+156		-3.254097761930885e+153
530		3.514776401986872e+156		-6.50819552386177e+153
531		7.029552803973744e+156		-1.301639104772354e+154
532		1.405910560794749e+157		-2.603278209544708e+154
533		2.811821121589498e+157		-5.206556419089416e+154
534		5.623642243178996e+157		-1.0413112838178833e+155
535		1.124728448635799e+158		-2.0826225676357665e+155
536		2.249456897271598e+158		-4.165245135271533e+155
537		4.498913794543196e+158		-8.330490270543066e+155
538		8.997827589086393e+158		-1.6660980541086132e+156
539		1.7995655178172786e+159		-3.3321961082172264e+156
540		3.599131035634557e+159		-6.664392216434453e+156
541		7.198262071269114e+159		-1.3328784432868906e+157
542		1.439652414253823e+160		-2.665756886573781e+157
543		2.879304828507646e+160		-5.331513773147562e+157
544		5.758609657015291e+160		-1.0663027546295125e+158
545		1.1517219314030583e+161		-2.132605509259025e+158
546		2.3034438628061166e+161		-4.26521101851805e+158
547		4.606887725612233e+161		-8.5304220370361e+158
548		9.213775451224466e+161		-1.70608440740722e+159
549		1.8427550902448933e+162		-3.41216881481444e+159
550		3.6855101804897866e+162		-6.82433762962888e+159
551		7.371020360979573e+162		-1.364867525925776e+160
552		1.4742040721959146e+163		-2.729735051851552e+160
553		2.948408144391829e+163		-5.459470103703104e+160
554		5.896816288783658e+163		-1.0918940207406208e+161
555		1.1793632577567317e+164		-2.1837880414812415e+161
556		2.3587265155134634e+164		-4.367576082962483e+161
557		4.717453031026927e+164		-8.735152165924966e+161
558		9.434906062053854e+164		-1.7470304331849932e+162
559		1.8869812124107707e+165		-3.4940608663699864e+162
560		3.7739624248215414e+165		-6.988121732739973e+162
561		7.547924849643083e+165		-1.3976243465479946e+163
562		1.5095849699286166e+166		-2.795248693095989e+163
563		3.019169939857233e+166		-5.590497386191978e+163
564		6.038339879714466e+166		-1.1180994772383957e+164
565		1.2076679759428933e+167		-2.2361989544767913e+164
566		2.4153359518857865e+167		-4.4723979089535826e+164
567		4.830671903771573e+167		-8.944795817907165e+164
568		9.661343807543146e+167		-1.788959163581433e+165
569		1.9322687615086292e+168		-3.577918327162866e+165
570		3.8645375230172584e+168		-7.155836654325732e+165
571		7.729075046034517e+168		-1.4311673308651464e+166
572		1.5458150092069034e+169		-2.862334661730293e+166
573		3.091630018413807e+169		-5.724669323460586e+166
574		6.183260036827613e+169		-1.1449338646921171e+167
575		1.2366520073655227e+170		-2.2898677293842343e+167
576		2.4733040147310454e+170		-4.5797354587684686e+167
577		4.946608029462091e+170		-9.159470917536937e+167
578		9.893216058924182e+170		-1.8318941835073874e+168
579		1.9786432117848363e+171		-3.663788367014775e+168
580		3.957286423569673e+171		-7.32757673402955e+168
581		7.914572847139345e+171		-1.46551534680591e+169
582		1.582914569427869e+172		-2.93103069361182e+169
583		3.165829138855738e+172		-5.86206138722364e+169
584		6.331658277711476e+172		-1.172412277444728e+170
585		1.2663316555422952e+173		-2.344824554889456e+170
586		2.5326633110845905e+173		-4.689649109778912e+170
587		5.065326622169181e+173		-9.379298219557824e+170
588		1.0130653244338362e+174		-1.8758596439115647e+171
589		2.0261306488676724e+174		-3.7517192878231295e+171
590		4.052261297735345e+174		-7.503438575646259e+171
591		8.10452259547069e+174		-1.5006877151292518e+172
592		1.620904519094138e+175		-3.0013754302585036e+172
593		3.241809038188276e+175		-6.002750860517007e+172
594		6.483618076376552e+175		-1.2005501721034014e+173
595		1.2967236152753103e+176		-2.401100344206803e+173
596		2.5934472305506207e+176		-4.802200688413606e+173
597		5.186894461101241e+176		-9.604401376827211e+173
598		1.0373788922202483e+177		-1.9208802753654423e+174
599		2.0747577844404965e+177		-3.8417605507308846e+174
600		4.149515568880993e+177		-7.683521101461769e+174
601		8.299031137761986e+177		-1.5367042202923538e+175
602		1.6598062275523972e+178		-3.0734084405847077e+175
603		3.3196124551047944e+178		-6.146816881169415e+175
604		6.639224910209589e+178		-1.229363376233883e+176
605		1.3278449820419178e+179		-2.458726752467766e+176
606		2.6556899640838355e+179		-4.917453504935532e+176
607		5.311379928167671e+179		-9.834907009871065e+176
608		1.0622759856335342e+180		-1.966981401974213e+177
609		2.1245519712670684e+180		-3.933962803948426e+177
610		4.249103942534137e+180		-7.867925607896852e+177
611		8.498207885068274e+180		-1.5735851215793703e+178
612		1.6996415770136548e+181		-3.1471702431587407e+178
613		3.3992831540273095e+181		-6.294340486317481e+178
614		6.798566308054619e+181		-1.2588680972634963e+179
615		1.3597132616109238e+182		-2.5177361945269925e+179
616		2.7194265232218476e+182		-5.035472389053985e+179
617		5.438853046443695e+182		-1.007094477810797e+180
618		1.087770609288739e+183		-2.014188955621594e+180
619		2.175541218577478e+183		-4.028377911243188e+180
620		4.351082437154956e+183		-8.056755822486376e+180
621		8.702164874309912e+183		-1.6113511644972752e+181
622		1.7404329748619825e+184		-3.2227023289945504e+181
623		3.480865949723965e+184		-6.445404657989101e+181
624		6.96173189944793e+184		-1.2890809315978202e+182
625		1.392346379889586e+185		-2.5781618631956403e+182
626		2.784692759779172e+185		-5.1563237263912807e+182
627		5.569385519558344e+185		-1.0312647452782561e+183
628		1.1138771039116688e+186		-2.0625294905565123e+183
629		2.2277542078233376e+186		-4.1250589811130245e+183
630		4.455508415646675e+186		-8.250117962226049e+183
631		8.91101683129335e+186		-1.6500235924452098e+184
632		1.78220336625867e+187		-3.3000471848904196e+184
633		3.56440673251734e+187		-6.600094369780839e+184
634		7.12881346503468e+187		-1.3200188739561679e+185
635		1.425762693006936e+188		-2.6400377479123357e+185
636		2.851525386013872e+188		-5.2800754958246714e+185
637		5.703050772027744e+188		-1.0560150991649343e+186
638		1.1406101544055488e+189		-2.1120301983298686e+186
639		2.2812203088110977e+189		-4.224060396659737e+186
640		4.562440617622195e+189		-8.448120793319474e+186
641		9.12488123524439e+189		-1.6896241586638949e+187
642		1.824976247048878e+190		-3.3792483173277897e+187
643		3.649952494097756e+190		-6.7584966346555794e+187
644		7.299904988195513e+190		-1.3516993269311159e+188
645		1.4599809976391025e+191		-2.7033986538622318e+188
646		2.919961995278205e+191		-5.4067973077244635e+188
647		5.83992399055641e+191		-1.0813594615448927e+189
648		1.167984798111282e+192		-2.1627189230897854e+189
649		2.335969596222564e+192		-4.325437846179571e+189
650		4.671939192445128e+192		-8.650875692359142e+189
651		9.343878384890256e+192		-1.7301751384718283e+190
652		1.868775676978051e+193		-3.4603502769436567e+190
653		3.737551353956102e+193		-6.920700553887313e+190
654		7.475102707912205e+193		-1.3841401107774627e+191
655		1.495020541582441e+194		-2.7682802215549253e+191
656		2.990041083164882e+194		-5.5365604431098507e+191
657		5.980082166329764e+194		-1.1073120886219701e+192
658		1.1960164332659528e+195		-2.2146241772439403e+192
659		2.3920328665319055e+195		-4.4292483544878805e+192
660		4.784065733063811e+195		-8.858496708975761e+192
661		9.568131466127622e+195		-1.7716993417951522e+193
662		1.9136262932255244e+196		-3.5433986835903044e+193
663		3.827252586451049e+196		-7.086797367180609e+193
664		7.654505172902098e+196		-1.4173594734361218e+194
665		1.5309010345804195e+197		-2.8347189468722435e+194
666		3.061802069160839e+197		-5.669437893744487e+194
667		6.123604138321678e+197		-1.1338875787488974e+195
668		1.2247208276643356e+198		-2.2677751574977948e+195
669		2.4494416553286713e+198		-4.5355503149955897e+195
670		4.898883310657343e+198		-9.071100629991179e+195
671		9.797766621314685e+198		-1.8142201259982359e+196
672		1.959553324262937e+199		-3.6284402519964717e+196
673		3.919106648525874e+199		-7.2568805039929435e+196
674		7.838213297051748e+199		-1.4513761007985887e+197
675		1.5676426594103496e+200		-2.9027522015971774e+197
676		3.135285318820699e+200		-5.805504403194355e+197
677		6.270570637641398e+200		-1.161100880638871e+198
678		1.2541141275282797e+201		-2.322201761277742e+198
679		2.5082282550565594e+201		-4.644403522555484e+198
680		5.016456510113119e+201		-9.288807045110968e+198
681		1.0032913020226238e+202		-1.8577614090221935e+199
682		2.0065826040452475e+202		-3.715522818044387e+199
683		4.013165208090495e+202		-7.431045636088774e+199
684		8.02633041618099e+202		-1.4862091272177548e+200
685		1.605266083236198e+203		-2.9724182544355096e+200
686		3.210532166472396e+203		-5.944836508871019e+200
687		6.421064332944792e+203		-1.1889673017742039e+201
688		1.2842128665889584e+204		-2.3779346035484077e+201
689		2.568425733177917e+204		-4.7558692070968154e+201
690		5.136851466355834e+204		-9.511738414193631e+201
691		1.0273702932711667e+205		-1.9023476828387262e+202
692		2.0547405865423334e+205		-3.8046953656774523e+202
693		4.109481173084667e+205		-7.609390731354905e+202
694		8.218962346169334e+205		-1.521878146270981e+203
695		1.6437924692338668e+206		-3.043756292541962e+203
696		3.2875849384677335e+206		-6.087512585083924e+203
697		6.575169876935467e+206		-1.2175025170167847e+204
698		1.3150339753870934e+207		-2.4350050340335695e+204
699		2.630067950774187e+207		-4.870010068067139e+204
700		5.260135901548374e+207		-9.740020136134278e+204
701		1.0520271803096747e+208		-1.9480040272268556e+205
702		2.1040543606193494e+208		-3.896008054453711e+205
703		4.208108721238699e+208		-7.792016108907422e+205
704		8.416217442477398e+208		-1.5584032217814845e+206
705		1.6832434884954796e+209		-3.116806443562969e+206
706		3.366486976990959e+209		-6.233612887125938e+206
707		6.732973953981918e+209		-1.2467225774251876e+207
708		1.3465947907963836e+210		-2.4934451548503752e+207
709		2.693189581592767e+210		-4.9868903097007503e+207
710		5.386379163185535e+210		-9.973780619401501e+207
711		1.077275832637107e+211		-1.9947561238803001e+208
712		2.154551665274214e+211		-3.9895122477606003e+208
713		4.309103330548428e+211		-7.9790244955212005e+208
714		8.618206661096855e+211		-1.5958048991042401e+209
715		1.723641332219371e+212		-3.1916097982084802e+209
716		3.447282664438742e+212		-6.3832195964169604e+209
717		6.894565328877484e+212		-1.2766439192833921e+210
718		1.378913065775497e+213		-2.5532878385667842e+210
719		2.757826131550994e+213		-5.1065756771335683e+210
720		5.515652263101987e+213		-1.0213151354267137e+211
721		1.1031304526203975e+214		-2.0426302708534273e+211
722		2.206260905240795e+214		-4.0852605417068547e+211
723		4.41252181048159e+214		-8.170521083413709e+211
724		8.82504362096318e+214		-1.6341042166827419e+212
725		1.765008724192636e+215		-3.2682084333654837e+212
726		3.530017448385272e+215		-6.5364168667309675e+212
727		7.060034896770544e+215		-1.3072833733461935e+213
728		1.4120069793541088e+216		-2.614566746692387e+213
729		2.8240139587082176e+216		-5.229133493384774e+213
730		5.648027917416435e+216		-1.0458266986769548e+214
731		1.129605583483287e+217		-2.0916533973539096e+214
732		2.259211166966574e+217		-4.183306794707819e+214
733		4.518422333933148e+217		-8.366613589415638e+214
734		9.036844667866296e+217		-1.6733227178831277e+215
735		1.8073689335732592e+218		-3.3466454357662553e+215
736		3.6147378671465185e+218		-6.693290871532511e+215
737		7.229475734293037e+218		-1.3386581743065021e+216
738		1.4458951468586074e+219		-2.6773163486130043e+216
739		2.891790293717215e+219		-5.3546326972260086e+216
740		5.78358058743443e+219		-1.0709265394452017e+217
741		1.156716117486886e+220		-2.1418530788904034e+217
742		2.313432234973772e+220		-4.283706157780807e+217
743		4.626864469947544e+220		-8.567412315561614e+217
744		9.253728939895087e+220		-1.7134824631123227e+218
745		1.8507457879790175e+221		-3.4269649262246455e+218
746		3.701491575958035e+221		-6.853929852449291e+218
747		7.40298315191607e+221		-1.3707859704898582e+219
748		1.480596630383214e+222		-2.7415719409797164e+219
749		2.961193260766428e+222		-5.483143881959433e+219
750		5.922386521532856e+222		-1.0966287763918866e+220
751		1.1844773043065712e+223		-2.193257552783773e+220
752		2.3689546086131423e+223		-4.386515105567546e+220
753		4.737909217226285e+223		-8.773030211135092e+220
754		9.47581843445257e+223		-1.7546060422270185e+221
755		1.895163686890514e+224		-3.509212084454037e+221
756		3.790327373781028e+224		-7.018424168908074e+221
757		7.580654747562056e+224		-1.4036848337816148e+222
758		1.516130949512411e+225		-2.8073696675632296e+222
759		3.032261899024822e+225		-5.614739335126459e+222
760		6.064523798049644e+225		-1.1229478670252918e+223
761		1.212904759609929e+226		-2.2458957340505837e+223
762		2.425809519219858e+226		-4.4917914681011673e+223
763		4.851619038439716e+226		-8.983582936202335e+223
764		9.70323807687943e+226		-1.796716587240467e+224
765		1.940647615375886e+227		-3.593433174480934e+224
766		3.881295230751772e+227		-7.186866348961868e+224
767		7.762590461503545e+227		-1.4373732697923735e+225
768		1.552518092300709e+228		-2.874746539584747e+225
769		3.105036184601418e+228		-5.749493079169494e+225
770		6.210072369202836e+228		-1.1498986158338988e+226
771		1.2420144738405672e+229		-2.2997972316677977e+226
772		2.4840289476811343e+229		-4.5995944633355953e+226
773		4.968057895362269e+229		-9.199188926671191e+226
774		9.936115790724537e+229		-1.8398377853342381e+227
775		1.9872231581449075e+230		-3.6796755706684763e+227
776		3.974446316289815e+230		-7.3593511413369525e+227
777		7.94889263257963e+230		-1.4718702282673905e+228
778		1.589778526515926e+231		-2.943740456534781e+228
779		3.179557053031852e+231		-5.887480913069562e+228
780		6.359114106063704e+231		-1.1774961826139124e+229
781		1.2718228212127408e+232		-2.3549923652278248e+229
782		2.5436456424254816e+232		-4.7099847304556496e+229
783		5.087291284850963e+232		-9.419969460911299e+229
784		1.0174582569701926e+233		-1.8839938921822598e+230
785		2.0349165139403853e+233		-3.7679877843645197e+230
786		4.0698330278807705e+233		-7.535975568729039e+230
787		8.139666055761541e+233		-1.5071951137458079e+231
788		1.6279332111523082e+234		-3.0143902274916158e+231
789		3.2558664223046164e+234		-6.0287804549832315e+231
790		6.511732844609233e+234		-1.2057560909966463e+232
791		1.3023465689218466e+235		-2.4115121819932926e+232
792		2.604693137843693e+235		-4.823024363986585e+232
793		5.209386275687386e+235		-9.64604872797317e+232
794		1.0418772551374773e+236		-1.929209745594634e+233
795		2.0837545102749545e+236		-3.858419491189268e+233
796		4.167509020549909e+236		-7.716838982378536e+233
797		8.335018041099818e+236		-1.5433677964757073e+234
798		1.6670036082199636e+237		-3.0867355929514145e+234
799		3.334007216439927e+237		-6.173471185902829e+234
800		6.668014432879854e+237		-1.2346942371805658e+235
801		1.333602886575971e+238		-2.4693884743611316e+235
802		2.667205773151942e+238		-4.938776948722263e+235
803		5.334411546303884e+238		-9.877553897444527e+235
804		1.0668823092607767e+239		-1.9755107794889053e+236
805		2.1337646185215534e+239		-3.9510215589778106e+236
806		4.267529237043107e+239		-7.902043117955621e+236
807		8.535058474086214e+239		-1.5804086235911242e+237
808		1.7070116948172427e+240		-3.1608172471822485e+237
809		3.4140233896344855e+240		-6.321634494364497e+237
810		6.828046779268971e+240		-1.2643268988728994e+238
811		1.3656093558537942e+241		-2.5286537977457988e+238
812		2.7312187117075884e+241		-5.0573075954915976e+238
813		5.462437423415177e+241		-1.0114615190983195e+239
814		1.0924874846830353e+242		-2.022923038196639e+239
815		2.1849749693660707e+242		-4.045846076393278e+239
816		4.369949938732141e+242		-8.091692152786556e+239
817		8.739899877464283e+242		-1.6183384305573112e+240
818		1.7479799754928566e+243		-3.2366768611146224e+240
819		3.495959950985713e+243		-6.473353722229245e+240
820		6.991919901971426e+243		-1.294670744445849e+241
821		1.3983839803942852e+244		-2.589341488891698e+241
822		2.7967679607885705e+244		-5.178682977783396e+241
823		5.593535921577141e+244		-1.0357365955566792e+242
824		1.1187071843154282e+245		-2.0714731911133584e+242
825		2.2374143686308564e+245		-4.1429463822267167e+242
826		4.474828737261713e+245		-8.285892764453433e+242
827		8.949657474523426e+245		-1.6571785528906867e+243
828		1.789931494904685e+246		-3.3143571057813734e+243
829		3.57986298980937e+246		-6.628714211562747e+243
830		7.15972597961874e+246		-1.3257428423125494e+244
831		1.431945195923748e+247		-2.6514856846250987e+244
832		2.863890391847496e+247		-5.3029713692501974e+244
833		5.727780783694992e+247		-1.0605942738500395e+245
834		1.1455561567389985e+248		-2.121188547700079e+245
835		2.291112313477997e+248		-4.242377095400158e+245
836		4.582224626955994e+248		-8.484754190800316e+245
837		9.164449253911988e+248		-1.6969508381600632e+246
838		1.8328898507823976e+249		-3.3939016763201263e+246
839		3.665779701564795e+249		-6.787803352640253e+246
840		7.33155940312959e+249		-1.3575606705280505e+247
841		1.466311880625918e+250		-2.715121341056101e+247
842		2.932623761251836e+250		-5.430242682112202e+247
843		5.865247522503672e+250		-1.0860485364224404e+248
844		1.1730495045007344e+251		-2.1720970728448809e+248
845		2.346099009001469e+251		-4.3441941456897617e+248
846		4.692198018002938e+251		-8.688388291379523e+248
847		9.384396036005875e+251		-1.7376776582759047e+249
848		1.876879207201175e+252		-3.4753553165518094e+249
849		3.75375841440235e+252		-6.950710633103619e+249
850		7.5075168288047e+252		-1.3901421266207238e+250
851		1.50150336576094e+253		-2.7802842532414475e+250
852		3.00300673152188e+253		-5.560568506482895e+250
853		6.00601346304376e+253		-1.112113701296579e+251
854		1.201202692608752e+254		-2.224227402593158e+251
855		2.402405385217504e+254		-4.448454805186316e+251
856		4.804810770435008e+254		-8.896909610372632e+251
857		9.609621540870016e+254		-1.7793819220745264e+252
858		1.9219243081740033e+255		-3.558763844149053e+252
859		3.843848616348007e+255		-7.117527688298106e+252
860		7.687697232696013e+255		-1.4235055376596211e+253
861		1.5375394465392026e+256		-2.8470110753192422e+253
862		3.075078893078405e+256		-5.6940221506384845e+253
863		6.15015778615681e+256		-1.1388044301276969e+254
864		1.230031557231362e+257		-2.2776088602553938e+254
865		2.460063114462724e+257		-4.5552177205107876e+254
866		4.920126228925448e+257		-9.110435441021575e+254
867		9.840252457850897e+257		-1.822087088204315e+255
868		1.9680504915701794e+258		-3.64417417640863e+255
869		3.936100983140359e+258		-7.28834835281726e+255
870		7.872201966280718e+258		-1.457669670563452e+256
871		1.5744403932561435e+259		-2.915339341126904e+256
872		3.148880786512287e+259		-5.830678682253808e+256
873		6.297761573024574e+259		-1.1661357364507616e+257
874		1.2595523146049148e+260		-2.3322714729015232e+257
875		2.5191046292098296e+260		-4.6645429458030465e+257
876		5.038209258419659e+260		-9.329085891606093e+257
877		1.0076418516839318e+261		-1.8658171783212186e+258
878		2.0152837033678637e+261		-3.731634356642437e+258
879		4.030567406735727e+261		-7.463268713284874e+258
880		8.061134813471455e+261		-1.4926537426569749e+259
881		1.612226962694291e+262		-2.9853074853139498e+259
882		3.224453925388582e+262		-5.9706149706278995e+259
883		6.448907850777164e+262		-1.1941229941255799e+260
884		1.2897815701554328e+263		-2.3882459882511598e+260
885		2.5795631403108655e+263		-4.7764919765023196e+260
886		5.159126280621731e+263		-9.552983953004639e+260
887		1.0318252561243462e+264		-1.9105967906009278e+261
888		2.0636505122486924e+264		-3.8211935812018557e+261
889		4.127301024497385e+264		-7.642387162403711e+261
890		8.25460204899477e+264		-1.5284774324807423e+262
891		1.650920409798954e+265		-3.0569548649614845e+262
892		3.301840819597908e+265		-6.113909729922969e+262
893		6.603681639195816e+265		-1.2227819459845938e+263
894		1.3207363278391631e+266		-2.4455638919691876e+263
895		2.6414726556783263e+266		-4.891127783938375e+263
896		5.282945311356653e+266		-9.78225556787675e+263
897		1.0565890622713305e+267		-1.95645111357535e+264
898		2.113178124542661e+267		-3.9129022271507e+264
899		4.226356249085322e+267		-7.8258044543014e+264
900		8.452712498170644e+267		-1.56516089086028e+265
901		1.690542499634129e+268		-3.13032178172056e+265
902		3.381084999268258e+268		-6.26064356344112e+265
903		6.762169998536515e+268		-1.252128712688224e+266
904		1.352433999707303e+269		-2.504257425376448e+266
905		2.704867999414606e+269		-5.008514850752896e+266
906		5.409735998829212e+269		-1.0017029701505793e+267
907		1.0819471997658424e+270		-2.0034059403011585e+267
908		2.163894399531685e+270		-4.006811880602317e+267
909		4.32778879906337e+270		-8.013623761204634e+267
910		8.65557759812674e+270		-1.6027247522409268e+268
911		1.731115519625348e+271		-3.2054495044818536e+268
912		3.462231039250696e+271		-6.410899008963707e+268
913		6.924462078501392e+271		-1.2821798017927414e+269
914		1.3848924157002783e+272		-2.564359603585483e+269
915		2.7697848314005567e+272		-5.128719207170966e+269
916		5.539569662801113e+272		-1.0257438414341932e+270
917		1.1079139325602227e+273		-2.0514876828683863e+270
918		2.2158278651204453e+273		-4.1029753657367726e+270
919		4.431655730240891e+273		-8.205950731473545e+270
920		8.863311460481781e+273		-1.641190146294709e+271
921		1.7726622920963563e+274		-3.282380292589418e+271
922		3.5453245841927125e+274		-6.564760585178836e+271
923		7.090649168385425e+274		-1.3129521170357672e+272
924		1.418129833677085e+275		-2.6259042340715345e+272
925		2.83625966735417e+275		-5.251808468143069e+272
926		5.67251933470834e+275		-1.0503616936286138e+273
927		1.134503866941668e+276		-2.1007233872572276e+273
928		2.269007733883336e+276		-4.201446774514455e+273
929		4.538015467766672e+276		-8.40289354902891e+273
930		9.076030935533344e+276		-1.680578709805782e+274
931		1.815206187106669e+277		-3.361157419611564e+274
932		3.630412374213338e+277		-6.722314839223128e+274
933		7.260824748426675e+277		-1.3444629678446257e+275
934		1.452164949685335e+278		-2.6889259356892513e+275
935		2.90432989937067e+278		-5.3778518713785026e+275
936		5.80865979874134e+278		-1.0755703742757005e+276
937		1.161731959748268e+279		-2.151140748551401e+276
938		2.323463919496536e+279		-4.302281497102802e+276
939		4.646927838993072e+279		-8.604562994205604e+276
940		9.293855677986144e+279		-1.7209125988411208e+277
941		1.858771135597229e+280		-3.4418251976822417e+277
942		3.717542271194458e+280		-6.883650395364483e+277
943		7.435084542388915e+280		-1.3767300790728967e+278
944		1.487016908477783e+281		-2.7534601581457933e+278
945		2.974033816955566e+281		-5.506920316291587e+278
946		5.948067633911132e+281		-1.1013840632583173e+279
947		1.1896135267822265e+282		-2.2027681265166347e+279
948		2.379227053564453e+282		-4.4055362530332694e+279
949		4.758454107128906e+282		-8.811072506066539e+279
950		9.516908214257812e+282		-1.7622145012133077e+280
951		1.9033816428515624e+283		-3.5244290024266155e+280
952		3.806763285703125e+283		-7.048858004853231e+280
953		7.61352657140625e+283		-1.4097716009706462e+281
954		1.52270531428125e+284		-2.8195432019412924e+281
955		3.0454106285625e+284		-5.639086403882585e+281
956		6.090821257125e+284		-1.127817280776517e+282
957		1.218164251425e+285		-2.255634561553034e+282
958		2.43632850285e+285		-4.511269123106068e+282
959		4.8726570057e+285		-9.022538246212136e+282
960		9.7453140114e+285		-1.8045076492424271e+283
961		1.94906280228e+286		-3.6090152984848543e+283
962		3.89812560456e+286		-7.2180305969697085e+283
963		7.79625120912e+286		-1.4436061193939417e+284
964		1.559250241824e+287		-2.8872122387878834e+284
965		3.118500483648e+287		-5.774424477575767e+284
966		6.237000967296e+287		-1.1548848955151534e+285
967		1.2474001934592e+288		-2.3097697910303067e+285
968		2.4948003869184e+288		-4.6195395820606134e+285
969		4.9896007738368e+288		-9.239079164121227e+285
970		9.9792015476736e+288		-1.8478158328242454e+286
971		1.99584030953472e+289		-3.6956316656484908e+286
972		3.99168061906944e+289		-7.3912633312969815e+286
973		7.98336123813888e+289		-1.4782526662593963e+287
974		1.596672247627776e+290		-2.9565053325187926e+287
975		3.193344495255552e+290		-5.913010665037585e+287
976		6.386688990511104e+290		-1.182602133007517e+288
977		1.2773377981022207e+291		-2.365204266015034e+288
978		2.5546755962044414e+291		-4.730408532030068e+288
979		5.109351192408883e+291		-9.460817064060136e+288
980		1.0218702384817766e+292		-1.8921634128120273e+289
981		2.043740476963553e+292		-3.7843268256240545e+289
982		4.087480953927106e+292		-7.568653651248109e+289
983		8.174961907854213e+292		-1.5137307302496218e+290
984		1.6349923815708425e+293		-3.0274614604992436e+290
985		3.269984763141685e+293		-6.054922920998487e+290
986		6.53996952628337e+293		-1.2109845841996975e+291
987		1.307993905256674e+294		-2.421969168399395e+291
988		2.615987810513348e+294		-4.84393833679879e+291
989		5.231975621026696e+294		-9.68787667359758e+291
990		1.0463951242053392e+295		-1.937575334719516e+292
991		2.0927902484106784e+295		-3.875150669439032e+292
992		4.185580496821357e+295		-7.750301338878064e+292
993		8.371160993642714e+295		-1.5500602677756127e+293
994		1.6742321987285427e+296		-3.1001205355512255e+293
995		3.3484643974570854e+296		-6.200241071102451e+293
996		6.696928794914171e+296		-1.2400482142204902e+294
997		1.3393857589828342e+297		-2.4800964284409804e+294
998		2.6787715179656684e+297		-4.960192856881961e+294
999		5.357543035931337e+297		-9.920385713763922e+294
1000		1.0715086071862673e+298		-1.9840771427527843e+295
1001		2.1430172143725347e+298		-3.9681542855055686e+295
1002		4.286034428745069e+298		-7.936308571011137e+295
1003		8.572068857490139e+298		-1.5872617142022274e+296
1004		1.7144137714980277e+299		-3.174523428404455e+296
1005		3.4288275429960555e+299		-6.34904685680891e+296
1006		6.857655085992111e+299		-1.269809371361782e+297
1007		1.3715310171984222e+300		-2.539618742723564e+297
1008		2.7430620343968444e+300		-5.079237485447128e+297
1009		5.486124068793689e+300		-1.0158474970894256e+298
1010		1.0972248137587378e+301		-2.0316949941788511e+298
1011		2.1944496275174755e+301		-4.0633899883577023e+298
1012		4.388899255034951e+301		-8.1267799767154045e+298
1013		8.777798510069902e+301		-1.6253559953430809e+299
1014		1.7555597020139804e+302		-3.2507119906861618e+299
1015		3.511119404027961e+302		-6.5014239813723236e+299
1016		7.022238808055922e+302		-1.3002847962744647e+300
1017		1.4044477616111843e+303		-2.6005695925489294e+300
1018		2.8088955232223687e+303		-5.201139185097859e+300
1019		5.617791046444737e+303		-1.0402278370195718e+301
1020		1.1235582092889475e+304		-2.0804556740391436e+301
1021		2.247116418577895e+304		-4.160911348078287e+301
1022		4.49423283715579e+304		-8.321822696156574e+301
1023		8.98846567431158e+304		-1.6643645392313148e+302
